[debug] ----------------------------------------------------------------------
[debug] Command:      C:\Program Files\nodejs\node.exe C:\Users\Owner\AppData\Roaming\npm\node_modules\firebase-tools\bin\firebase deploy
[debug] CLI Version:  3.2.3
[debug] Platform:     win32
[debug] Node Version: v6.2.2
[debug] Time:         Sat Feb 11 2017 01:53:50 GMT-0500 (Eastern Standard Time)
[debug] ----------------------------------------------------------------------
[debug] 
[debug] > command requires scopes: ["email","openid","https://www.googleapis.com/auth/cloudplatformprojects.readonly","https://www.googleapis.com/auth/firebase"]
[debug] >>> HTTP REQUEST GET https://admin.firebase.com/v1/projects/findrecipes-db50b  
 Sat Feb 11 2017 01:53:50 GMT-0500 (Eastern Standard Time)
[debug] <<< HTTP RESPONSE 200
[debug] >>> HTTP REQUEST GET https://admin.firebase.com/v1/database/findrecipes-db50b/tokens  
 Sat Feb 11 2017 01:53:52 GMT-0500 (Eastern Standard Time)
[debug] <<< HTTP RESPONSE 200
[info] 
[info] === Deploying to 'findrecipes-db50b'...
[info] 
[info] i  deploying database, hosting
[info] +  database: rules ready to deploy.
[info] i  hosting: preparing / directory for upload...
[debug] ----------------------------------------------------------------------
[debug] Command:      C:\Program Files\nodejs\node.exe C:\Users\Owner\AppData\Roaming\npm\node_modules\firebase-tools\bin\firebase deploy
[debug] CLI Version:  3.2.3
[debug] Platform:     win32
[debug] Node Version: v6.2.2
[debug] Time:         Sat Feb 11 2017 02:10:54 GMT-0500 (Eastern Standard Time)
[debug] ----------------------------------------------------------------------
[debug] 
[debug] > command requires scopes: ["email","openid","https://www.googleapis.com/auth/cloudplatformprojects.readonly","https://www.googleapis.com/auth/firebase"]
[debug] >>> HTTP REQUEST GET https://admin.firebase.com/v1/projects/findrecipes-db50b  
 Sat Feb 11 2017 02:10:54 GMT-0500 (Eastern Standard Time)
[debug] <<< HTTP RESPONSE 200
[debug] >>> HTTP REQUEST GET https://admin.firebase.com/v1/database/findrecipes-db50b/tokens  
 Sat Feb 11 2017 02:10:55 GMT-0500 (Eastern Standard Time)
[debug] <<< HTTP RESPONSE 200
[info] 
[info] === Deploying to 'findrecipes-db50b'...
[info] 
[info] i  deploying database, hosting
[info] +  database: rules ready to deploy.
[info] i  hosting: preparing / directory for upload...
[debug] > refreshing access token with scopes: ["email","https://www.googleapis.com/auth/cloudplatformprojects.readonly","https://www.googleapis.com/auth/firebase","openid"]
[debug] >>> HTTP REQUEST POST https://www.googleapis.com/oauth2/v3/token { refresh_token: '1/B2UZlsH5MOCyMWuryu7K9biJAVC5gV1q0jlYKCqt4L4',
  client_id: '563584335869-fgrhgmd47bqnekij5i8b5pr03ho849e6.apps.googleusercontent.com',
  client_secret: 'j9iVZfS8kkCEFUPaAeJV0sAi',
  grant_type: 'refresh_token',
  scope: 'email https://www.googleapis.com/auth/cloudplatformprojects.readonly https://www.googleapis.com/auth/firebase openid' } 
 Sat Feb 11 2017 02:13:20 GMT-0500 (Eastern Standard Time)
[debug] <<< HTTP RESPONSE 200
[debug] >>> HTTP REQUEST PUT https://deploy.firebase.com/v1/hosting/findrecipes-db50b/uploads/-Kcg-ecmQQ9-FNIWaZAS?fileCount=17207&message=  
 Sat Feb 11 2017 02:13:20 GMT-0500 (Eastern Standard Time)
[debug] ----------------------------------------------------------------------
[debug] Command:      C:\Program Files\nodejs\node.exe C:\Users\Owner\AppData\Roaming\npm\node_modules\firebase-tools\bin\firebase deploy
[debug] CLI Version:  3.2.3
[debug] Platform:     win32
[debug] Node Version: v6.2.2
[debug] Time:         Sat Feb 11 2017 02:14:26 GMT-0500 (Eastern Standard Time)
[debug] ----------------------------------------------------------------------
[debug] 
[debug] > command requires scopes: ["email","openid","https://www.googleapis.com/auth/cloudplatformprojects.readonly","https://www.googleapis.com/auth/firebase"]
[debug] >>> HTTP REQUEST GET https://admin.firebase.com/v1/projects/findrecipes-db50b  
 Sat Feb 11 2017 02:14:26 GMT-0500 (Eastern Standard Time)
[debug] <<< HTTP RESPONSE 200
[debug] >>> HTTP REQUEST GET https://admin.firebase.com/v1/database/findrecipes-db50b/tokens  
 Sat Feb 11 2017 02:14:28 GMT-0500 (Eastern Standard Time)
[debug] <<< HTTP RESPONSE 200
[info] 
[info] === Deploying to 'findrecipes-db50b'...
[info] 
[info] i  deploying database, hosting
[info] +  database: rules ready to deploy.
[info] i  hosting: preparing ./ directory for upload...
